2019-03-06 14:13:18.679  INFO 17692 --- [restartedMain] c.s.serviceEnv1.ServiceEnv1Application   : No active profile set, falling back to default profiles: default
2019-03-06 14:13:19.525  INFO 17692 --- [restartedMain] .s.d.r.c.RepositoryConfigurationDelegate : Bootstrapping Spring Data repositories in DEFAULT mode.
2019-03-06 14:13:19.589  INFO 17692 --- [restartedMain] .s.d.r.c.RepositoryConfigurationDelegate : Finished Spring Data repository scanning in 58ms. Found 1 repository interfaces.
2019-03-06 14:13:19.846  INFO 17692 --- [restartedMain] o.s.cloud.context.scope.GenericScope     : BeanFactory id=39164d76-8933-37e8-b9e8-f3f378c565e9
2019-03-06 14:13:19.931  INFO 17692 --- [restartedMain] trationDelegate$BeanPostProcessorChecker : Bean 'org.springframework.transaction.annotation.ProxyTransactionManagementConfiguration' of type [org.springframework.transaction.annotation.ProxyTransactionManagementConfiguration$$EnhancerBySpringCGLIB$$58264748] is not eligible for getting processed by all BeanPostProcessors (for example: not eligible for auto-proxying)
2019-03-06 14:13:19.959  INFO 17692 --- [restartedMain] trationDelegate$BeanPostProcessorChecker : Bean 'org.springframework.cloud.autoconfigure.ConfigurationPropertiesRebinderAutoConfiguration' of type [org.springframework.cloud.autoconfigure.ConfigurationPropertiesRebinderAutoConfiguration$$EnhancerBySpringCGLIB$$74404a45] is not eligible for getting processed by all BeanPostProcessors (for example: not eligible for auto-proxying)
2019-03-06 14:13:20.778  INFO 17692 --- [restartedMain] o.s.b.w.embedded.tomcat.TomcatWebServer  : Tomcat initialized with port(s): 7075 (http)
2019-03-06 14:13:20.804  INFO 17692 --- [restartedMain] o.apache.catalina.core.StandardService   : Starting service [Tomcat]
2019-03-06 14:13:20.805  INFO 17692 --- [restartedMain] org.apache.catalina.core.StandardEngine  : Starting Servlet engine: [Apache Tomcat/9.0.16]
2019-03-06 14:13:20.814  INFO 17692 --- [restartedMain] o.a.catalina.core.AprLifecycleListener   : The APR based Apache Tomcat Native library which allows optimal performance in production environments was not found on the java.library.path: [C:\Program Files\Java\jdk1.8.0_201\jre\bin;C:\WINDOWS\Sun\Java\bin;C:\WINDOWS\system32;C:\WINDOWS;C:\Program Files (x86)\Common Files\Oracle\Java\javapath;C:\Program Files (x86)\Intel\Intel(R) Management Engine Components\iCLS\;C:\Program Files\Intel\Intel(R) Management Engine Components\iCLS\;C:\WINDOWS\system32;C:\WINDOWS;C:\WINDOWS\System32\Wbem;C:\WINDOWS\System32\WindowsPowerShell\v1.0\;C:\Program Files (x86)\Kaspersky Lab\Kaspersky Endpoint Security 10 for Windows SP2\;C:\WINDOWS\System32\OpenSSH\;C:\Program Files\PuTTY\;C:\Program Files\nodejs\;C:\Program Files\Java\jdk1.8.0_201;C:\Program Files\Git\cmd;C:\Program Files\Git\mingw64\bin;C:\Program Files\Git\usr\bin;D:\vault;C:\apache-maven-3.6.0\bin;D:\istio\bin;C:\ProgramData\chocolatey\bin;C:\Program Files\Intel\WiFi\bin\;C:\Program Files\Common Files\Intel\WirelessCommon\;C:\Users\mafeki\AppData\Local\Microsoft\WindowsApps;C:\Users\mafeki\AppData\Local\Programs\Microsoft VS Code\bin;C:\Users\mafeki\AppData\Roaming\npm;C:\apache-maven-3.6.0\bin;C:\Program Files\Intel\WiFi\bin\;C:\Program Files\Common Files\Intel\WirelessCommon\;.]
2019-03-06 14:13:20.909  INFO 17692 --- [restartedMain] o.a.c.c.C.[Tomcat].[localhost].[/]       : Initializing Spring embedded WebApplicationContext
2019-03-06 14:13:20.909  INFO 17692 --- [restartedMain] o.s.web.context.ContextLoader            : Root WebApplicationContext: initialization completed in 2216 ms
2019-03-06 14:13:21.018  WARN 17692 --- [restartedMain] c.n.c.sources.URLConfigurationSource     : No URLs will be polled as dynamic configuration sources.
2019-03-06 14:13:21.019  INFO 17692 --- [restartedMain] c.n.c.sources.URLConfigurationSource     : To enable URLs as dynamic configuration sources, define System property archaius.configurationSource.additionalUrls or make config.properties available on classpath.
2019-03-06 14:13:21.030  INFO 17692 --- [restartedMain] c.netflix.config.DynamicPropertyFactory  : DynamicPropertyFactory is initialized with configuration sources: com.netflix.config.ConcurrentCompositeConfiguration@2fff7605
2019-03-06 14:13:21.489  INFO 17692 --- [restartedMain] com.zaxxer.hikari.HikariDataSource       : HikariPool-1 - Starting...
2019-03-06 14:13:21.619  INFO 17692 --- [restartedMain] com.zaxxer.hikari.HikariDataSource       : HikariPool-1 - Start completed.
2019-03-06 14:13:21.675  INFO 17692 --- [restartedMain] o.hibernate.jpa.internal.util.LogHelper  : HHH000204: Processing PersistenceUnitInfo [
	name: default
	...]
2019-03-06 14:13:21.735  INFO 17692 --- [restartedMain] org.hibernate.Version                    : HHH000412: Hibernate Core {5.3.7.Final}
2019-03-06 14:13:21.737  INFO 17692 --- [restartedMain] org.hibernate.cfg.Environment            : HHH000206: hibernate.properties not found
2019-03-06 14:13:21.877  INFO 17692 --- [restartedMain] o.hibernate.annotations.common.Version   : HCANN000001: Hibernate Commons Annotations {5.0.4.Final}
2019-03-06 14:13:21.997  INFO 17692 --- [restartedMain] org.hibernate.dialect.Dialect            : HHH000400: Using dialect: org.hibernate.dialect.H2Dialect
2019-03-06 14:13:22.583  INFO 17692 --- [restartedMain] o.h.t.schema.internal.SchemaCreatorImpl  : HHH000476: Executing import script 'org.hibernate.tool.schema.internal.exec.ScriptSourceInputNonExistentImpl@7bde95bd'
2019-03-06 14:13:22.586  INFO 17692 --- [restartedMain] j.LocalContainerEntityManagerFactoryBean : Initialized JPA EntityManagerFactory for persistence unit 'default'
2019-03-06 14:13:22.611  INFO 17692 --- [restartedMain] o.s.b.d.a.OptionalLiveReloadServer       : LiveReload server is running on port 35729
2019-03-06 14:13:23.103  WARN 17692 --- [restartedMain] aWebConfiguration$JpaWebMvcConfiguration : spring.jpa.open-in-view is enabled by default. Therefore, database queries may be performed during view rendering. Explicitly configure spring.jpa.open-in-view to disable this warning
2019-03-06 14:13:23.196  INFO 17692 --- [restartedMain] o.s.b.a.e.web.EndpointLinksResolver      : Exposing 2 endpoint(s) beneath base path '/actuator'
2019-03-06 14:13:23.270  INFO 17692 --- [restartedMain] pertySourcedRequestMappingHandlerMapping : Mapped URL path [/v2/api-docs] onto method [public org.springframework.http.ResponseEntity<springfox.documentation.spring.web.json.Json> springfox.documentation.swagger2.web.Swagger2Controller.getDocumentation(java.lang.String,javax.servlet.http.HttpServletRequest)]
2019-03-06 14:13:23.282  WARN 17692 --- [restartedMain] c.n.c.sources.URLConfigurationSource     : No URLs will be polled as dynamic configuration sources.
2019-03-06 14:13:23.282  INFO 17692 --- [restartedMain] c.n.c.sources.URLConfigurationSource     : To enable URLs as dynamic configuration sources, define System property archaius.configurationSource.additionalUrls or make config.properties available on classpath.
2019-03-06 14:13:23.394  INFO 17692 --- [restartedMain] o.s.s.concurrent.ThreadPoolTaskExecutor  : Initializing ExecutorService 'applicationTaskExecutor'
2019-03-06 14:13:24.204  INFO 17692 --- [restartedMain] d.s.w.p.DocumentationPluginsBootstrapper : Context refreshed
2019-03-06 14:13:24.223  INFO 17692 --- [restartedMain] d.s.w.p.DocumentationPluginsBootstrapper : Found 1 custom documentation plugin(s)
2019-03-06 14:13:24.246  INFO 17692 --- [restartedMain] s.d.s.w.s.ApiListingReferenceScanner     : Scanning for api listing references
2019-03-06 14:13:24.362  INFO 17692 --- [restartedMain] .d.s.w.r.o.CachingOperationNameGenerator : Generating unique operation named: handleUsingGET_1
2019-03-06 14:13:24.363  INFO 17692 --- [restartedMain] .d.s.w.r.o.CachingOperationNameGenerator : Generating unique operation named: handleUsingGET_2
2019-03-06 14:13:24.365  INFO 17692 --- [restartedMain] .d.s.w.r.o.CachingOperationNameGenerator : Generating unique operation named: handleUsingGET_3
2019-03-06 14:13:24.423  INFO 17692 --- [restartedMain] o.s.b.w.embedded.tomcat.TomcatWebServer  : Tomcat started on port(s): 7075 (http) with context path ''
2019-03-06 14:13:24.425  INFO 17692 --- [restartedMain] c.s.serviceEnv1.ServiceEnv1Application   : Started ServiceEnv1Application in 7.341 seconds (JVM running for 7.797)
2019-03-06 14:13:38.734  INFO 17692 --- [http-nio-7075-exec-1] o.a.c.c.C.[Tomcat].[localhost].[/]       : Initializing Spring DispatcherServlet 'dispatcherServlet'
2019-03-06 14:13:38.734  INFO 17692 --- [http-nio-7075-exec-1] o.s.web.servlet.DispatcherServlet        : Initializing Servlet 'dispatcherServlet'
2019-03-06 14:13:38.743  INFO 17692 --- [http-nio-7075-exec-1] o.s.web.servlet.DispatcherServlet        : Completed initialization in 9 ms
2019-03-06 14:13:45.739  INFO 17692 --- [http-nio-7075-exec-9] o.h.h.i.QueryTranslatorFactoryInitiator  : HHH000397: Using ASTQueryTranslatorFactory
2019-03-06 14:13:58.180 ERROR 17692 --- [http-nio-7075-exec-3] o.a.c.c.C.[.[.[/].[dispatcherServlet]    : Servlet.service() for servlet [dispatcherServlet] in context with path [] threw exception [Request processing failed; nested exception is org.springframework.web.client.ResourceAccessException: I/O error on GET request for "http://localhost:7076": Connection refused: connect; nested exception is java.net.ConnectException: Connection refused: connect] with root cause

java.net.ConnectException: Connection refused: connect
	at java.net.DualStackPlainSocketImpl.connect0(Native Method) ~[na:1.8.0_201]
	at java.net.DualStackPlainSocketImpl.socketConnect(DualStackPlainSocketImpl.java:79) ~[na:1.8.0_201]
	at java.net.AbstractPlainSocketImpl.doConnect(AbstractPlainSocketImpl.java:350) ~[na:1.8.0_201]
	at java.net.AbstractPlainSocketImpl.connectToAddress(AbstractPlainSocketImpl.java:206) ~[na:1.8.0_201]
	at java.net.AbstractPlainSocketImpl.connect(AbstractPlainSocketImpl.java:188) ~[na:1.8.0_201]
	at java.net.PlainSocketImpl.connect(PlainSocketImpl.java:172) ~[na:1.8.0_201]
	at java.net.SocksSocketImpl.connect(SocksSocketImpl.java:392) ~[na:1.8.0_201]
	at java.net.Socket.connect(Socket.java:589) ~[na:1.8.0_201]
	at java.net.Socket.connect(Socket.java:538) ~[na:1.8.0_201]
	at sun.net.NetworkClient.doConnect(NetworkClient.java:180) ~[na:1.8.0_201]
	at sun.net.www.http.HttpClient.openServer(HttpClient.java:463) ~[na:1.8.0_201]
	at sun.net.www.http.HttpClient.openServer(HttpClient.java:558) ~[na:1.8.0_201]
	at sun.net.www.http.HttpClient.<init>(HttpClient.java:242) ~[na:1.8.0_201]
	at sun.net.www.http.HttpClient.New(HttpClient.java:339) ~[na:1.8.0_201]
	at sun.net.www.http.HttpClient.New(HttpClient.java:357) ~[na:1.8.0_201]
	at sun.net.www.protocol.http.HttpURLConnection.getNewHttpClient(HttpURLConnection.java:1220) ~[na:1.8.0_201]
	at sun.net.www.protocol.http.HttpURLConnection.plainConnect0(HttpURLConnection.java:1156) ~[na:1.8.0_201]
	at sun.net.www.protocol.http.HttpURLConnection.plainConnect(HttpURLConnection.java:1050) ~[na:1.8.0_201]
	at sun.net.www.protocol.http.HttpURLConnection.connect(HttpURLConnection.java:984) ~[na:1.8.0_201]
	at org.springframework.http.client.SimpleBufferingClientHttpRequest.executeInternal(SimpleBufferingClientHttpRequest.java:76) ~[spring-web-5.1.5.RELEASE.jar:5.1.5.RELEASE]
	at org.springframework.http.client.AbstractBufferingClientHttpRequest.executeInternal(AbstractBufferingClientHttpRequest.java:48) ~[spring-web-5.1.5.RELEASE.jar:5.1.5.RELEASE]
	at org.springframework.http.client.AbstractClientHttpRequest.execute(AbstractClientHttpRequest.java:53) ~[spring-web-5.1.5.RELEASE.jar:5.1.5.RELEASE]
	at org.springframework.web.client.RestTemplate.doExecute(RestTemplate.java:735) ~[spring-web-5.1.5.RELEASE.jar:5.1.5.RELEASE]
	at org.springframework.web.client.RestTemplate.execute(RestTemplate.java:670) ~[spring-web-5.1.5.RELEASE.jar:5.1.5.RELEASE]
	at org.springframework.web.client.RestTemplate.getForEntity(RestTemplate.java:338) ~[spring-web-5.1.5.RELEASE.jar:5.1.5.RELEASE]
	at com.service1.serviceEnv1.service.ArticleInfoServiceClient.getArticleWithQuantite(ArticleInfoServiceClient.java:50) ~[classes/:na]
	at com.service1.serviceEnv1.service.ArticleService.findByQuantite(ArticleService.java:48) ~[classes/:na]
	at com.service1.serviceEnv1.rest.Controller.getListeArticleWithQuantite(Controller.java:35) ~[classes/:na]
	at sun.reflect.NativeMethodAccessorImpl.invoke0(Native Method) ~[na:1.8.0_201]
	at sun.reflect.NativeMethodAccessorImpl.invoke(NativeMethodAccessorImpl.java:62) ~[na:1.8.0_201]
	at sun.reflect.DelegatingMethodAccessorImpl.invoke(DelegatingMethodAccessorImpl.java:43) ~[na:1.8.0_201]
	at java.lang.reflect.Method.invoke(Method.java:498) ~[na:1.8.0_201]
	at org.springframework.web.method.support.InvocableHandlerMethod.doInvoke(InvocableHandlerMethod.java:189) ~[spring-web-5.1.5.RELEASE.jar:5.1.5.RELEASE]
	at org.springframework.web.method.support.InvocableHandlerMethod.invokeForRequest(InvocableHandlerMethod.java:138) ~[spring-web-5.1.5.RELEASE.jar:5.1.5.RELEASE]
	at org.springframework.web.servlet.mvc.method.annotation.ServletInvocableHandlerMethod.invokeAndHandle(ServletInvocableHandlerMethod.java:102) ~[spring-webmvc-5.1.5.RELEASE.jar:5.1.5.RELEASE]
	at org.springframework.web.servlet.mvc.method.annotation.RequestMappingHandlerAdapter.invokeHandlerMethod(RequestMappingHandlerAdapter.java:895) ~[spring-webmvc-5.1.5.RELEASE.jar:5.1.5.RELEASE]
	at org.springframework.web.servlet.mvc.method.annotation.RequestMappingHandlerAdapter.handleInternal(RequestMappingHandlerAdapter.java:800) ~[spring-webmvc-5.1.5.RELEASE.jar:5.1.5.RELEASE]
	at org.springframework.web.servlet.mvc.method.AbstractHandlerMethodAdapter.handle(AbstractHandlerMethodAdapter.java:87) ~[spring-webmvc-5.1.5.RELEASE.jar:5.1.5.RELEASE]
	at org.springframework.web.servlet.DispatcherServlet.doDispatch(DispatcherServlet.java:1038) ~[spring-webmvc-5.1.5.RELEASE.jar:5.1.5.RELEASE]
	at org.springframework.web.servlet.DispatcherServlet.doService(DispatcherServlet.java:942) ~[spring-webmvc-5.1.5.RELEASE.jar:5.1.5.RELEASE]
	at org.springframework.web.servlet.FrameworkServlet.processRequest(FrameworkServlet.java:1005) ~[spring-webmvc-5.1.5.RELEASE.jar:5.1.5.RELEASE]
	at org.springframework.web.servlet.FrameworkServlet.doGet(FrameworkServlet.java:897) ~[spring-webmvc-5.1.5.RELEASE.jar:5.1.5.RELEASE]
	at javax.servlet.http.HttpServlet.service(HttpServlet.java:634) ~[tomcat-embed-core-9.0.16.jar:9.0.16]
	at org.springframework.web.servlet.FrameworkServlet.service(FrameworkServlet.java:882) ~[spring-webmvc-5.1.5.RELEASE.jar:5.1.5.RELEASE]
	at javax.servlet.http.HttpServlet.service(HttpServlet.java:741) ~[tomcat-embed-core-9.0.16.jar:9.0.16]
	at org.apache.catalina.core.ApplicationFilterChain.internalDoFilter(ApplicationFilterChain.java:231) ~[tomcat-embed-core-9.0.16.jar:9.0.16]
	at org.apache.catalina.core.ApplicationFilterChain.doFilter(ApplicationFilterChain.java:166) ~[tomcat-embed-core-9.0.16.jar:9.0.16]
	at org.apache.tomcat.websocket.server.WsFilter.doFilter(WsFilter.java:53) ~[tomcat-embed-websocket-9.0.16.jar:9.0.16]
	at org.apache.catalina.core.ApplicationFilterChain.internalDoFilter(ApplicationFilterChain.java:193) ~[tomcat-embed-core-9.0.16.jar:9.0.16]
	at org.apache.catalina.core.ApplicationFilterChain.doFilter(ApplicationFilterChain.java:166) ~[tomcat-embed-core-9.0.16.jar:9.0.16]
	at org.springframework.boot.actuate.web.trace.servlet.HttpTraceFilter.doFilterInternal(HttpTraceFilter.java:90) ~[spring-boot-actuator-2.1.3.RELEASE.jar:2.1.3.RELEASE]
	at org.springframework.web.filter.OncePerRequestFilter.doFilter(OncePerRequestFilter.java:107) ~[spring-web-5.1.5.RELEASE.jar:5.1.5.RELEASE]
	at org.apache.catalina.core.ApplicationFilterChain.internalDoFilter(ApplicationFilterChain.java:193) ~[tomcat-embed-core-9.0.16.jar:9.0.16]
	at org.apache.catalina.core.ApplicationFilterChain.doFilter(ApplicationFilterChain.java:166) ~[tomcat-embed-core-9.0.16.jar:9.0.16]
	at org.springframework.web.filter.RequestContextFilter.doFilterInternal(RequestContextFilter.java:99) ~[spring-web-5.1.5.RELEASE.jar:5.1.5.RELEASE]
	at org.springframework.web.filter.OncePerRequestFilter.doFilter(OncePerRequestFilter.java:107) ~[spring-web-5.1.5.RELEASE.jar:5.1.5.RELEASE]
	at org.apache.catalina.core.ApplicationFilterChain.internalDoFilter(ApplicationFilterChain.java:193) ~[tomcat-embed-core-9.0.16.jar:9.0.16]
	at org.apache.catalina.core.ApplicationFilterChain.doFilter(ApplicationFilterChain.java:166) ~[tomcat-embed-core-9.0.16.jar:9.0.16]
	at org.springframework.web.filter.FormContentFilter.doFilterInternal(FormContentFilter.java:92) ~[spring-web-5.1.5.RELEASE.jar:5.1.5.RELEASE]
	at org.springframework.web.filter.OncePerRequestFilter.doFilter(OncePerRequestFilter.java:107) ~[spring-web-5.1.5.RELEASE.jar:5.1.5.RELEASE]
	at org.apache.catalina.core.ApplicationFilterChain.internalDoFilter(ApplicationFilterChain.java:193) ~[tomcat-embed-core-9.0.16.jar:9.0.16]
	at org.apache.catalina.core.ApplicationFilterChain.doFilter(ApplicationFilterChain.java:166) ~[tomcat-embed-core-9.0.16.jar:9.0.16]
	at org.springframework.web.filter.HiddenHttpMethodFilter.doFilterInternal(HiddenHttpMethodFilter.java:93) ~[spring-web-5.1.5.RELEASE.jar:5.1.5.RELEASE]
	at org.springframework.web.filter.OncePerRequestFilter.doFilter(OncePerRequestFilter.java:107) ~[spring-web-5.1.5.RELEASE.jar:5.1.5.RELEASE]
	at org.apache.catalina.core.ApplicationFilterChain.internalDoFilter(ApplicationFilterChain.java:193) ~[tomcat-embed-core-9.0.16.jar:9.0.16]
	at org.apache.catalina.core.ApplicationFilterChain.doFilter(ApplicationFilterChain.java:166) ~[tomcat-embed-core-9.0.16.jar:9.0.16]
	at org.springframework.boot.actuate.metrics.web.servlet.WebMvcMetricsFilter.filterAndRecordMetrics(WebMvcMetricsFilter.java:117) ~[spring-boot-actuator-2.1.3.RELEASE.jar:2.1.3.RELEASE]
	at org.springframework.boot.actuate.metrics.web.servlet.WebMvcMetricsFilter.doFilterInternal(WebMvcMetricsFilter.java:106) ~[spring-boot-actuator-2.1.3.RELEASE.jar:2.1.3.RELEASE]
	at org.springframework.web.filter.OncePerRequestFilter.doFilter(OncePerRequestFilter.java:107) ~[spring-web-5.1.5.RELEASE.jar:5.1.5.RELEASE]
	at org.apache.catalina.core.ApplicationFilterChain.internalDoFilter(ApplicationFilterChain.java:193) ~[tomcat-embed-core-9.0.16.jar:9.0.16]
	at org.apache.catalina.core.ApplicationFilterChain.doFilter(ApplicationFilterChain.java:166) ~[tomcat-embed-core-9.0.16.jar:9.0.16]
	at org.springframework.web.filter.CharacterEncodingFilter.doFilterInternal(CharacterEncodingFilter.java:200) ~[spring-web-5.1.5.RELEASE.jar:5.1.5.RELEASE]
	at org.springframework.web.filter.OncePerRequestFilter.doFilter(OncePerRequestFilter.java:107) ~[spring-web-5.1.5.RELEASE.jar:5.1.5.RELEASE]
	at org.apache.catalina.core.ApplicationFilterChain.internalDoFilter(ApplicationFilterChain.java:193) ~[tomcat-embed-core-9.0.16.jar:9.0.16]
	at org.apache.catalina.core.ApplicationFilterChain.doFilter(ApplicationFilterChain.java:166) ~[tomcat-embed-core-9.0.16.jar:9.0.16]
	at org.apache.catalina.core.StandardWrapperValve.invoke(StandardWrapperValve.java:200) ~[tomcat-embed-core-9.0.16.jar:9.0.16]
	at org.apache.catalina.core.StandardContextValve.invoke(StandardContextValve.java:96) [tomcat-embed-core-9.0.16.jar:9.0.16]
	at org.apache.catalina.authenticator.AuthenticatorBase.invoke(AuthenticatorBase.java:490) [tomcat-embed-core-9.0.16.jar:9.0.16]
	at org.apache.catalina.core.StandardHostValve.invoke(StandardHostValve.java:139) [tomcat-embed-core-9.0.16.jar:9.0.16]
	at org.apache.catalina.valves.ErrorReportValve.invoke(ErrorReportValve.java:92) [tomcat-embed-core-9.0.16.jar:9.0.16]
	at org.apache.catalina.core.StandardEngineValve.invoke(StandardEngineValve.java:74) [tomcat-embed-core-9.0.16.jar:9.0.16]
	at org.apache.catalina.connector.CoyoteAdapter.service(CoyoteAdapter.java:343) [tomcat-embed-core-9.0.16.jar:9.0.16]
	at org.apache.coyote.http11.Http11Processor.service(Http11Processor.java:408) [tomcat-embed-core-9.0.16.jar:9.0.16]
	at org.apache.coyote.AbstractProcessorLight.process(AbstractProcessorLight.java:66) [tomcat-embed-core-9.0.16.jar:9.0.16]
	at org.apache.coyote.AbstractProtocol$ConnectionHandler.process(AbstractProtocol.java:834) [tomcat-embed-core-9.0.16.jar:9.0.16]
	at org.apache.tomcat.util.net.NioEndpoint$SocketProcessor.doRun(NioEndpoint.java:1415) [tomcat-embed-core-9.0.16.jar:9.0.16]
	at org.apache.tomcat.util.net.SocketProcessorBase.run(SocketProcessorBase.java:49) [tomcat-embed-core-9.0.16.jar:9.0.16]
	at java.util.concurrent.ThreadPoolExecutor.runWorker(ThreadPoolExecutor.java:1149) [na:1.8.0_201]
	at java.util.concurrent.ThreadPoolExecutor$Worker.run(ThreadPoolExecutor.java:624) [na:1.8.0_201]
	at org.apache.tomcat.util.threads.TaskThread$WrappingRunnable.run(TaskThread.java:61) [tomcat-embed-core-9.0.16.jar:9.0.16]
	at java.lang.Thread.run(Thread.java:748) [na:1.8.0_201]

